[debug] [2021-03-14T23:30:42.686Z] ----------------------------------------------------------------------
[debug] [2021-03-14T23:30:42.688Z] Command:       /usr/local/bin/node /usr/local/bin/firebase serve
[debug] [2021-03-14T23:30:42.689Z] CLI Version:   9.6.1
[debug] [2021-03-14T23:30:42.689Z] Platform:      darwin
[debug] [2021-03-14T23:30:42.689Z] Node Version:  v14.15.5
[debug] [2021-03-14T23:30:42.690Z] Time:          Mon Mar 15 2021 00:30:42 GMT+0100 (Central European Standard Time)
[debug] [2021-03-14T23:30:42.690Z] ----------------------------------------------------------------------
[debug] [2021-03-14T23:30:42.690Z] 
[debug] [2021-03-14T23:30:42.696Z] > command requires scopes: ["email","openid","https://www.googleapis.com/auth/cloudplatformprojects.readonly","https://www.googleapis.com/auth/firebase","https://www.googleapis.com/auth/cloud-platform"]
[debug] [2021-03-14T23:30:42.697Z] > authorizing via signed-in user
[debug] [2021-03-14T23:30:42.697Z] [iam] checking project ibexnews for permissions ["firebase.projects.get"]
[debug] [2021-03-14T23:30:42.698Z] >>> HTTP REQUEST POST https://cloudresourcemanager.googleapis.com/v1/projects/ibexnews:testIamPermissions  
 {"permissions":["firebase.projects.get"]}
[debug] [2021-03-14T23:30:43.545Z] <<< HTTP RESPONSE 200 {"content-type":"application/json; charset=UTF-8","vary":"X-Origin, Referer, Origin,Accept-Encoding","date":"Sun, 14 Mar 2021 23:30:43 GMT","server":"ESF","cache-control":"private","x-xss-protection":"0","x-frame-options":"SAMEORIGIN","x-content-type-options":"nosniff","server-timing":"gfet4t7; dur=710","alt-svc":"h3-29=\":443\"; ma=2592000,h3-T051=\":443\"; ma=2592000,h3-Q050=\":443\"; ma=2592000,h3-Q046=\":443\"; ma=2592000,h3-Q043=\":443\"; ma=2592000,quic=\":443\"; ma=2592000; v=\"46,43\"","accept-ranges":"none","transfer-encoding":"chunked"}
[debug] [2021-03-14T23:30:43.547Z] > refreshing access token with scopes: []
[debug] [2021-03-14T23:30:43.547Z] >>> HTTP REQUEST POST https://www.googleapis.com/oauth2/v3/token  
 <request body omitted>
[debug] [2021-03-14T23:30:43.715Z] <<< HTTP RESPONSE 200 {"expires":"Mon, 01 Jan 1990 00:00:00 GMT","pragma":"no-cache","date":"Sun, 14 Mar 2021 23:30:43 GMT","cache-control":"no-cache, no-store, max-age=0, must-revalidate","content-type":"application/json; charset=utf-8","vary":"X-Origin, Referer, Origin,Accept-Encoding","server":"scaffolding on HTTPServer2","x-xss-protection":"0","x-frame-options":"SAMEORIGIN","x-content-type-options":"nosniff","alt-svc":"h3-29=\":443\"; ma=2592000,h3-T051=\":443\"; ma=2592000,h3-Q050=\":443\"; ma=2592000,h3-Q046=\":443\"; ma=2592000,h3-Q043=\":443\"; ma=2592000,quic=\":443\"; ma=2592000; v=\"46,43\"","accept-ranges":"none","transfer-encoding":"chunked"}
[debug] [2021-03-14T23:30:43.746Z] >>> [apiv2][query] GET https://firebase.googleapis.com/v1beta1/projects/ibexnews [none]
[debug] [2021-03-14T23:30:44.069Z] <<< [apiv2][status] GET https://firebase.googleapis.com/v1beta1/projects/ibexnews 200
[debug] [2021-03-14T23:30:44.069Z] <<< [apiv2][body] GET https://firebase.googleapis.com/v1beta1/projects/ibexnews {"projectId":"ibexnews","projectNumber":"889247188353","displayName":"IbexNews","name":"projects/ibexnews","resources":{"hostingSite":"ibexnews"},"state":"ACTIVE"}
[info] 
[info] === Serving from '/Users/jasato/Documents/Ironhack.nosync/angular_projects/ibexnews-project/ibexnews-ng'...
[info] 
[debug] [2021-03-14T23:30:44.071Z] >>> [apiv2][query] GET https://firebase.googleapis.com/v1beta1/projects/ibexnews/webApps/-/config [none]
[debug] [2021-03-14T23:30:44.850Z] <<< [apiv2][status] GET https://firebase.googleapis.com/v1beta1/projects/ibexnews/webApps/-/config 200
[debug] [2021-03-14T23:30:44.850Z] <<< [apiv2][body] GET https://firebase.googleapis.com/v1beta1/projects/ibexnews/webApps/-/config {"projectId":"ibexnews","storageBucket":"ibexnews.appspot.com","apiKey":"AIzaSyCW0Z-CS28DWjvPlTzsz_YyXV11WOknidg","authDomain":"ibexnews.firebaseapp.com","messagingSenderId":"889247188353"}
[info] i  hosting[ibexnews-ng]: Serving hosting files from: dist/ibexnews-ng {"metadata":{"emulator":{"name":"hosting"},"message":"Serving hosting files from: \u001b[1mdist/ibexnews-ng\u001b[22m"}}
[info] ✔  hosting[ibexnews-ng]: Local server: http://localhost:5000 {"metadata":{"emulator":{"name":"hosting"},"message":"Local server: \u001b[4m\u001b[1mhttp://localhost:5000\u001b[22m\u001b[24m"}}
